<?xml version="1.0" encoding="UTF-8"?>
<!-- Generated by org.testng.reporters.JUnitReportReporter -->
<testsuite hostname="SHILIN2C83" name="example.NewTest" tests="1" failures="0" timestamp="25 Mar 2020 18:27:36 GMT" time="5.690" errors="0">
  <testcase name="test" time="5.690" classname="example.NewTest"/>
</testsuite> <!-- example.NewTest -->
